
> backend@1.0.0 test
> NODE_OPTIONS=--experimental-vm-modules jest --runInBand --runInBand

(node:24719) ExperimentalWarning: VM Modules is an experimental feature and might change at any time
(Use `node --trace-warnings ...` to show where the warning was created)
PASS tests/wallet.test.ts
  â— Console

    console.log
      [dotenv@17.2.3] injecting env (6) from .env -- tip: âš™ï¸  load multiple .env files with { path: ['.env.local', '.env'] }

      at _log (node_modules/dotenv/lib/main.js:142:11)

    console.log
      [dotenv@17.2.3] injecting env (0) from .env -- tip: ðŸ” prevent committing .env to code: https://dotenvx.com/precommit

      at _log (node_modules/dotenv/lib/main.js:142:11)

    console.log
      [dotenv@17.2.3] injecting env (0) from .env -- tip: ðŸ—‚ï¸ backup and recover secrets: https://dotenvx.com/ops

      at _log (node_modules/dotenv/lib/main.js:142:11)

    console.log
      [INFO] [2026-01-02T15:25:18.888Z] Initializing Deposit {
        "userId": "1e6a2e54-4cc0-4fb3-ae7f-ee7ec6273b81",
        "amount": 5000
      }

      at Object.info (src/utils/logger.ts:3:17)

    console.log
      [INFO] [2026-01-02T15:25:19.980Z] Paystack Webhook Received {
        "event": "charge.success",
        "reference": "test-ref-1767367519972"
      }

      at Object.info (src/utils/logger.ts:3:17)

    console.log
      [INFO] [2026-01-02T15:25:20.023Z] Deposit Successful via Webhook {
        "userId": "1e6a2e54-4cc0-4fb3-ae7f-ee7ec6273b81",
        "amount": 5000,
        "reference": "test-ref-1767367519972"
      }

      at Object.info (src/utils/logger.ts:3:17)

    console.warn
      [WARN] [2026-01-02T15:25:20.037Z] Invalid Paystack Signature {
        "received": "invalid-hash"
      }

       8 |     },
       9 |     warn: (message: string, context?: any) => {
    > 10 |         console.warn(`[WARN] [${new Date().toISOString()}] ${message}`, context ? JSON.stringify(context, null, 2) : '');
         |                 ^
      11 |     }
      12 | };
      13 |

      at Object.warn (src/utils/logger.ts:10:17)
      at paystackWebhook (src/controllers/paymentController.ts:57:16)
      at Layer.handleRequest (node_modules/router/lib/layer.js:152:17)
      at next (node_modules/router/lib/route.js:157:13)
      at Route.dispatch (node_modules/router/lib/route.js:117:3)
      at handle (node_modules/router/index.js:435:11)
      at Layer.handleRequest (node_modules/router/lib/layer.js:152:17)
      at node_modules/router/index.js:295:15
      at processParams (node_modules/router/index.js:582:12)
      at next (node_modules/router/index.js:291:5)
      at Function.handle (node_modules/router/index.js:186:3)
      at router (node_modules/router/index.js:60:12)
      at Layer.handleRequest (node_modules/router/lib/layer.js:152:17)
      at trimPrefix (node_modules/router/index.js:342:13)
      at node_modules/router/index.js:297:9
      at processParams (node_modules/router/index.js:582:12)
      at next (node_modules/router/index.js:291:5)
      at node_modules/body-parser/lib/read.js:172:5
      at invokeCallback (node_modules/raw-body/index.js:238:16)
      at done (node_modules/raw-body/index.js:227:7)
      at IncomingMessage.onEnd (node_modules/raw-body/index.js:287:7)

PASS tests/conversations.test.ts
  â— Console

    console.log
      [dotenv@17.2.3] injecting env (6) from .env -- tip: âš™ï¸  enable debug logging with { debug: true }

      at _log (node_modules/dotenv/lib/main.js:142:11)

    console.log
      [dotenv@17.2.3] injecting env (0) from .env -- tip: ðŸ—‚ï¸ backup and recover secrets: https://dotenvx.com/ops

      at _log (node_modules/dotenv/lib/main.js:142:11)

    console.log
      [dotenv@17.2.3] injecting env (0) from .env -- tip: ðŸ—‚ï¸ backup and recover secrets: https://dotenvx.com/ops

      at _log (node_modules/dotenv/lib/main.js:142:11)

    console.log
      [INFO] [2026-01-02T15:25:20.772Z] New Conversation Started {
        "conversationId": "9ce1a313-e87c-4b96-8d40-3c07de7519e5",
        "buyerId": "1852bff8-2284-449b-9c9e-5340537e2c9f",
        "listingId": "a1b96188-9489-4bf2-83d7-7e4f6f04c60e"
      }

      at Object.info (src/utils/logger.ts:3:17)

    console.error
      [ERROR] [2026-01-02T15:25:20.792Z] StartConversation Controller Error [
        {
          "expected": "string",
          "code": "invalid_type",
          "path": [
            "listingId"
          ],
          "message": "Invalid input: expected string, received undefined"
        }
      ]

      4 |     },
      5 |     error: (message: string, error?: any) => {
    > 6 |         console.error(`[ERROR] [${new Date().toISOString()}] ${message}`, error?.message || error || '');
        |                 ^
      7 |         if (error?.stack) console.error(error.stack);
      8 |     },
      9 |     warn: (message: string, context?: any) => {

      at Object.error (src/utils/logger.ts:6:17)
      at handleControllerError (src/controllers/authController.ts:12:12)
      at startConversation (src/controllers/conversationController.ts:43:16)
      at Layer.handleRequest (node_modules/router/lib/layer.js:152:17)
      at next (node_modules/router/lib/route.js:157:13)
      at Route.dispatch (node_modules/router/lib/route.js:117:3)
      at handle (node_modules/router/index.js:435:11)
      at Layer.handleRequest (node_modules/router/lib/layer.js:152:17)
      at node_modules/router/index.js:295:15
      at processParams (node_modules/router/index.js:582:12)
      at next (node_modules/router/index.js:291:5)
      at protect (src/routes/authRoutes.ts:17:9)
      at Layer.handleRequest (node_modules/router/lib/layer.js:152:17)
      at trimPrefix (node_modules/router/index.js:342:13)
      at node_modules/router/index.js:297:9
      at processParams (node_modules/router/index.js:582:12)
      at next (node_modules/router/index.js:291:5)
      at Function.handle (node_modules/router/index.js:186:3)
      at router (node_modules/router/index.js:60:12)
      at Layer.handleRequest (node_modules/router/lib/layer.js:152:17)
      at trimPrefix (node_modules/router/index.js:342:13)
      at node_modules/router/index.js:297:9
      at processParams (node_modules/router/index.js:582:12)
      at next (node_modules/router/index.js:291:5)
      at node_modules/body-parser/lib/read.js:172:5
      at invokeCallback (node_modules/raw-body/index.js:238:16)
      at done (node_modules/raw-body/index.js:227:7)
      at IncomingMessage.onEnd (node_modules/raw-body/index.js:287:7)

    console.error
      ZodError: [
        {
          "expected": "string",
          "code": "invalid_type",
          "path": [
            "listingId"
          ],
          "message": "Invalid input: expected string, received undefined"
        }
      ]
          at startConversation (/home/bytesage/campus-swap/backend/src/controllers/conversationController.ts:9:55)
          at Layer.handleRequest (/home/bytesage/campus-swap/backend/node_modules/router/lib/layer.js:152:17)
          at next (/home/bytesage/campus-swap/backend/node_modules/router/lib/route.js:157:13)
          at Route.dispatch (/home/bytesage/campus-swap/backend/node_modules/router/lib/route.js:117:3)
          at handle (/home/bytesage/campus-swap/backend/node_modules/router/index.js:435:11)
          at Layer.handleRequest (/home/bytesage/campus-swap/backend/node_modules/router/lib/layer.js:152:17)
          at /home/bytesage/campus-swap/backend/node_modules/router/index.js:295:15
          at processParams (/home/bytesage/campus-swap/backend/node_modules/router/index.js:582:12)
          at next (/home/bytesage/campus-swap/backend/node_modules/router/index.js:291:5)
          at protect (/home/bytesage/campus-swap/backend/src/routes/authRoutes.ts:17:9)
          at Layer.handleRequest (/home/bytesage/campus-swap/backend/node_modules/router/lib/layer.js:152:17)
          at trimPrefix (/home/bytesage/campus-swap/backend/node_modules/router/index.js:342:13)
          at /home/bytesage/campus-swap/backend/node_modules/router/index.js:297:9
          at processParams (/home/bytesage/campus-swap/backend/node_modules/router/index.js:582:12)
          at next (/home/bytesage/campus-swap/backend/node_modules/router/index.js:291:5)
          at Function.handle (/home/bytesage/campus-swap/backend/node_modules/router/index.js:186:3)
          at router (/home/bytesage/campus-swap/backend/node_modules/router/index.js:60:12)
          at Layer.handleRequest (/home/bytesage/campus-swap/backend/node_modules/router/lib/layer.js:152:17)
          at trimPrefix (/home/bytesage/campus-swap/backend/node_modules/router/index.js:342:13)
          at /home/bytesage/campus-swap/backend/node_modules/router/index.js:297:9
          at processParams (/home/bytesage/campus-swap/backend/node_modules/router/index.js:582:12)
          at next (/home/bytesage/campus-swap/backend/node_modules/router/index.js:291:5)
          at /home/bytesage/campus-swap/backend/node_modules/body-parser/lib/read.js:172:5
          at AsyncResource.runInAsyncScope (node:async_hooks:214:14)
          at invokeCallback (/home/bytesage/campus-swap/backend/node_modules/raw-body/index.js:238:16)
          at done (/home/bytesage/campus-swap/backend/node_modules/raw-body/index.js:227:7)
          at IncomingMessage.onEnd (/home/bytesage/campus-swap/backend/node_modules/raw-body/index.js:287:7)
          at IncomingMessage.emit (node:events:519:28)
          at endReadableNT (node:internal/streams/readable:1698:12)
          at processTicksAndRejections (node:internal/process/task_queues:90:21)

       5 |     error: (message: string, error?: any) => {
       6 |         console.error(`[ERROR] [${new Date().toISOString()}] ${message}`, error?.message || error || '');
    >  7 |         if (error?.stack) console.error(error.stack);
         |                                   ^
       8 |     },
       9 |     warn: (message: string, context?: any) => {
      10 |         console.warn(`[WARN] [${new Date().toISOString()}] ${message}`, context ? JSON.stringify(context, null, 2) : '');

      at Object.error (src/utils/logger.ts:7:35)
      at handleControllerError (src/controllers/authController.ts:12:12)
      at startConversation (src/controllers/conversationController.ts:43:16)
      at Layer.handleRequest (node_modules/router/lib/layer.js:152:17)
      at next (node_modules/router/lib/route.js:157:13)
      at Route.dispatch (node_modules/router/lib/route.js:117:3)
      at handle (node_modules/router/index.js:435:11)
      at Layer.handleRequest (node_modules/router/lib/layer.js:152:17)
      at node_modules/router/index.js:295:15
      at processParams (node_modules/router/index.js:582:12)
      at next (node_modules/router/index.js:291:5)
      at protect (src/routes/authRoutes.ts:17:9)
      at Layer.handleRequest (node_modules/router/lib/layer.js:152:17)
      at trimPrefix (node_modules/router/index.js:342:13)
      at node_modules/router/index.js:297:9
      at processParams (node_modules/router/index.js:582:12)
      at next (node_modules/router/index.js:291:5)
      at Function.handle (node_modules/router/index.js:186:3)
      at router (node_modules/router/index.js:60:12)
      at Layer.handleRequest (node_modules/router/lib/layer.js:152:17)
      at trimPrefix (node_modules/router/index.js:342:13)
      at node_modules/router/index.js:297:9
      at processParams (node_modules/router/index.js:582:12)
      at next (node_modules/router/index.js:291:5)
      at node_modules/body-parser/lib/read.js:172:5
      at invokeCallback (node_modules/raw-body/index.js:238:16)
      at done (node_modules/raw-body/index.js:227:7)
      at IncomingMessage.onEnd (node_modules/raw-body/index.js:287:7)

    console.log
      [INFO] [2026-01-02T15:25:20.871Z] Message Sent {
        "conversationId": "9ce1a313-e87c-4b96-8d40-3c07de7519e5",
        "senderId": "1852bff8-2284-449b-9c9e-5340537e2c9f",
        "messageId": "ac204b45-36bf-4655-b595-81bc6e8200da"
      }

      at Object.info (src/utils/logger.ts:3:17)

PASS tests/auth.test.ts
  â— Console

    console.log
      [dotenv@17.2.3] injecting env (6) from .env -- tip: ðŸ”‘ add access controls to secrets: https://dotenvx.com/ops

      at _log (node_modules/dotenv/lib/main.js:142:11)

    console.log
      [dotenv@17.2.3] injecting env (0) from .env -- tip: âš™ï¸  load multiple .env files with { path: ['.env.local', '.env'] }

      at _log (node_modules/dotenv/lib/main.js:142:11)

    console.log
      [dotenv@17.2.3] injecting env (0) from .env -- tip: ðŸ” prevent committing .env to code: https://dotenvx.com/precommit

      at _log (node_modules/dotenv/lib/main.js:142:11)

    console.log
      [INFO] [2026-01-02T15:25:21.556Z] User Registration Attempt {
        "email": "test@unn.edu.ng"
      }

      at Object.info (src/utils/logger.ts:3:17)

    console.log
      [INFO] [2026-01-02T15:25:21.908Z] User Registered Successfully {
        "userId": "c9c23b29-e546-49fa-bb56-f022a18eb466"
      }

      at Object.info (src/utils/logger.ts:3:17)

    console.error
      [ERROR] [2026-01-02T15:25:21.924Z] Register Controller Error [
        {
          "origin": "string",
          "code": "invalid_format",
          "format": "email",
          "pattern": "/^(?!\\.)(?!.*\\.\\.)([A-Za-z0-9_'+\\-\\.]*)[A-Za-z0-9_+-]@([A-Za-z0-9][A-Za-z0-9\\-]*\\.)+[A-Za-z]{2,}$/",
          "path": [
            "email"
          ],
          "message": "Invalid email format"
        }
      ]

      4 |     },
      5 |     error: (message: string, error?: any) => {
    > 6 |         console.error(`[ERROR] [${new Date().toISOString()}] ${message}`, error?.message || error || '');
        |                 ^
      7 |         if (error?.stack) console.error(error.stack);
      8 |     },
      9 |     warn: (message: string, context?: any) => {

      at Object.error (src/utils/logger.ts:6:17)
      at handleControllerError (src/controllers/authController.ts:12:12)
      at register (src/controllers/authController.ts:63:16)
      at Layer.handleRequest (node_modules/router/lib/layer.js:152:17)
      at next (node_modules/router/lib/route.js:157:13)
      at Route.dispatch (node_modules/router/lib/route.js:117:3)
      at handle (node_modules/router/index.js:435:11)
      at Layer.handleRequest (node_modules/router/lib/layer.js:152:17)
      at node_modules/router/index.js:295:15
      at processParams (node_modules/router/index.js:582:12)
      at next (node_modules/router/index.js:291:5)
      at Function.handle (node_modules/router/index.js:186:3)
      at router (node_modules/router/index.js:60:12)
      at Layer.handleRequest (node_modules/router/lib/layer.js:152:17)
      at trimPrefix (node_modules/router/index.js:342:13)
      at node_modules/router/index.js:297:9
      at processParams (node_modules/router/index.js:582:12)
      at next (node_modules/router/index.js:291:5)
      at node_modules/body-parser/lib/read.js:172:5
      at invokeCallback (node_modules/raw-body/index.js:238:16)
      at done (node_modules/raw-body/index.js:227:7)
      at IncomingMessage.onEnd (node_modules/raw-body/index.js:287:7)

    console.error
      ZodError: [
        {
          "origin": "string",
          "code": "invalid_format",
          "format": "email",
          "pattern": "/^(?!\\.)(?!.*\\.\\.)([A-Za-z0-9_'+\\-\\.]*)[A-Za-z0-9_+-]@([A-Za-z0-9][A-Za-z0-9\\-]*\\.)+[A-Za-z]{2,}$/",
          "path": [
            "email"
          ],
          "message": "Invalid email format"
        }
      ]
          at register (/home/bytesage/campus-swap/backend/src/controllers/authController.ts:24:46)
          at Layer.handleRequest (/home/bytesage/campus-swap/backend/node_modules/router/lib/layer.js:152:17)
          at next (/home/bytesage/campus-swap/backend/node_modules/router/lib/route.js:157:13)
          at Route.dispatch (/home/bytesage/campus-swap/backend/node_modules/router/lib/route.js:117:3)
          at handle (/home/bytesage/campus-swap/backend/node_modules/router/index.js:435:11)
          at Layer.handleRequest (/home/bytesage/campus-swap/backend/node_modules/router/lib/layer.js:152:17)
          at /home/bytesage/campus-swap/backend/node_modules/router/index.js:295:15
          at processParams (/home/bytesage/campus-swap/backend/node_modules/router/index.js:582:12)
          at next (/home/bytesage/campus-swap/backend/node_modules/router/index.js:291:5)
          at Function.handle (/home/bytesage/campus-swap/backend/node_modules/router/index.js:186:3)
          at router (/home/bytesage/campus-swap/backend/node_modules/router/index.js:60:12)
          at Layer.handleRequest (/home/bytesage/campus-swap/backend/node_modules/router/lib/layer.js:152:17)
          at trimPrefix (/home/bytesage/campus-swap/backend/node_modules/router/index.js:342:13)
          at /home/bytesage/campus-swap/backend/node_modules/router/index.js:297:9
          at processParams (/home/bytesage/campus-swap/backend/node_modules/router/index.js:582:12)
          at next (/home/bytesage/campus-swap/backend/node_modules/router/index.js:291:5)
          at /home/bytesage/campus-swap/backend/node_modules/body-parser/lib/read.js:172:5
          at AsyncResource.runInAsyncScope (node:async_hooks:214:14)
          at invokeCallback (/home/bytesage/campus-swap/backend/node_modules/raw-body/index.js:238:16)
          at done (/home/bytesage/campus-swap/backend/node_modules/raw-body/index.js:227:7)
          at IncomingMessage.onEnd (/home/bytesage/campus-swap/backend/node_modules/raw-body/index.js:287:7)
          at IncomingMessage.emit (node:events:519:28)
          at endReadableNT (node:internal/streams/readable:1698:12)
          at processTicksAndRejections (node:internal/process/task_queues:90:21)

       5 |     error: (message: string, error?: any) => {
       6 |         console.error(`[ERROR] [${new Date().toISOString()}] ${message}`, error?.message || error || '');
    >  7 |         if (error?.stack) console.error(error.stack);
         |                                   ^
       8 |     },
       9 |     warn: (message: string, context?: any) => {
      10 |         console.warn(`[WARN] [${new Date().toISOString()}] ${message}`, context ? JSON.stringify(context, null, 2) : '');

      at Object.error (src/utils/logger.ts:7:35)
      at handleControllerError (src/controllers/authController.ts:12:12)
      at register (src/controllers/authController.ts:63:16)
      at Layer.handleRequest (node_modules/router/lib/layer.js:152:17)
      at next (node_modules/router/lib/route.js:157:13)
      at Route.dispatch (node_modules/router/lib/route.js:117:3)
      at handle (node_modules/router/index.js:435:11)
      at Layer.handleRequest (node_modules/router/lib/layer.js:152:17)
      at node_modules/router/index.js:295:15
      at processParams (node_modules/router/index.js:582:12)
      at next (node_modules/router/index.js:291:5)
      at Function.handle (node_modules/router/index.js:186:3)
      at router (node_modules/router/index.js:60:12)
      at Layer.handleRequest (node_modules/router/lib/layer.js:152:17)
      at trimPrefix (node_modules/router/index.js:342:13)
      at node_modules/router/index.js:297:9
      at processParams (node_modules/router/index.js:582:12)
      at next (node_modules/router/index.js:291:5)
      at node_modules/body-parser/lib/read.js:172:5
      at invokeCallback (node_modules/raw-body/index.js:238:16)
      at done (node_modules/raw-body/index.js:227:7)
      at IncomingMessage.onEnd (node_modules/raw-body/index.js:287:7)

    console.log
      [INFO] [2026-01-02T15:25:21.948Z] User Registration Attempt {
        "email": "test@unn.edu.ng"
      }

      at Object.info (src/utils/logger.ts:3:17)

    console.warn
      [WARN] [2026-01-02T15:25:21.952Z] Registration Failed: User exists {
        "email": "test@unn.edu.ng"
      }

       8 |     },
       9 |     warn: (message: string, context?: any) => {
    > 10 |         console.warn(`[WARN] [${new Date().toISOString()}] ${message}`, context ? JSON.stringify(context, null, 2) : '');
         |                 ^
      11 |     }
      12 | };
      13 |

      at Object.warn (src/utils/logger.ts:10:17)
      at register (src/controllers/authController.ts:31:20)

    console.log
      [INFO] [2026-01-02T15:25:21.966Z] User Login Attempt {
        "email": "test@unn.edu.ng"
      }

      at Object.info (src/utils/logger.ts:3:17)

    console.log
      [INFO] [2026-01-02T15:25:22.095Z] User Logged In Successfully {
        "userId": "c9c23b29-e546-49fa-bb56-f022a18eb466"
      }

      at Object.info (src/utils/logger.ts:3:17)

    console.log
      [INFO] [2026-01-02T15:25:22.102Z] User Login Attempt {
        "email": "test@unn.edu.ng"
      }

      at Object.info (src/utils/logger.ts:3:17)

    console.warn
      [WARN] [2026-01-02T15:25:22.228Z] Login Failed: Invalid password {
        "email": "test@unn.edu.ng"
      }

       8 |     },
       9 |     warn: (message: string, context?: any) => {
    > 10 |         console.warn(`[WARN] [${new Date().toISOString()}] ${message}`, context ? JSON.stringify(context, null, 2) : '');
         |                 ^
      11 |     }
      12 | };
      13 |

      at Object.warn (src/utils/logger.ts:10:17)
      at login (src/controllers/authController.ts:82:20)

    console.log
      [INFO] [2026-01-02T15:25:22.235Z] User Login Attempt {
        "email": "test@unn.edu.ng"
      }

      at Object.info (src/utils/logger.ts:3:17)

    console.log
      [INFO] [2026-01-02T15:25:22.360Z] User Logged In Successfully {
        "userId": "c9c23b29-e546-49fa-bb56-f022a18eb466"
      }

      at Object.info (src/utils/logger.ts:3:17)

    console.log
      [INFO] [2026-01-02T15:25:22.411Z] Profile Updated {
        "userId": "c9c23b29-e546-49fa-bb56-f022a18eb466"
      }

      at Object.info (src/utils/logger.ts:3:17)

PASS tests/marketplace_interaction.test.ts
  â— Console

    console.log
      [dotenv@17.2.3] injecting env (6) from .env -- tip: ðŸ” prevent building .env in docker: https://dotenvx.com/prebuild

      at _log (node_modules/dotenv/lib/main.js:142:11)

    console.log
      [dotenv@17.2.3] injecting env (0) from .env -- tip: âš™ï¸  load multiple .env files with { path: ['.env.local', '.env'] }

      at _log (node_modules/dotenv/lib/main.js:142:11)

    console.log
      [dotenv@17.2.3] injecting env (0) from .env -- tip: ðŸ” prevent committing .env to code: https://dotenvx.com/precommit

      at _log (node_modules/dotenv/lib/main.js:142:11)

    console.log
      [INFO] [2026-01-02T15:25:23.258Z] Purchase Successful {
        "listingId": "4e26e071-ab98-4b4c-b09d-cf2034a00eee",
        "buyerId": "18c2dd5b-3d3c-4ebc-b004-f6a28b9acf1c"
      }

      at Object.info (src/utils/logger.ts:3:17)

    console.log
      [INFO] [2026-01-02T15:25:23.384Z] Listing Status Updated {
        "listingId": "21e2fb3a-7eab-4135-8d7a-477de3046aa8",
        "status": "RESERVED"
      }

      at Object.info (src/utils/logger.ts:3:17)

    console.log
      [INFO] [2026-01-02T15:25:23.479Z] Listing Reserved {
        "listingId": "0b67b41a-ef72-4342-8d83-225b4b0c9625",
        "reservedBy": "18c2dd5b-3d3c-4ebc-b004-f6a28b9acf1c"
      }

      at Object.info (src/utils/logger.ts:3:17)

PASS tests/marketplace.test.ts
  â— Console

    console.log
      [dotenv@17.2.3] injecting env (6) from .env -- tip: âš™ï¸  override existing env vars with { override: true }

      at _log (node_modules/dotenv/lib/main.js:142:11)

    console.log
      [dotenv@17.2.3] injecting env (0) from .env -- tip: ðŸ› ï¸  run anywhere with `dotenvx run -- yourcommand`

      at _log (node_modules/dotenv/lib/main.js:142:11)

    console.log
      [dotenv@17.2.3] injecting env (0) from .env -- tip: ðŸ‘¥ sync secrets across teammates & machines: https://dotenvx.com/ops

      at _log (node_modules/dotenv/lib/main.js:142:11)

    console.log
      [INFO] [2026-01-02T15:25:24.712Z] Creating Listing {
        "sellerId": "afbb72a2-d856-4b22-b7fc-27b9c8248e15",
        "title": "Test Textbook"
      }

      at Object.info (src/utils/logger.ts:3:17)

    console.log
      [INFO] [2026-01-02T15:25:24.733Z] Listing Created Successfully {
        "listingId": "cbe9c44d-b796-4fbc-8b73-8e038791f6f4"
      }

      at Object.info (src/utils/logger.ts:3:17)

    console.error
      [ERROR] [2026-01-02T15:25:24.767Z] CreateListing Controller Error [
        {
          "origin": "string",
          "code": "too_small",
          "minimum": 3,
          "inclusive": true,
          "path": [
            "title"
          ],
          "message": "Too small: expected string to have >=3 characters"
        },
        {
          "expected": "string",
          "code": "invalid_type",
          "path": [
            "description"
          ],
          "message": "Invalid input: expected string, received undefined"
        },
        {
          "expected": "string",
          "code": "invalid_type",
          "path": [
            "price"
          ],
          "message": "Invalid input: expected string, received undefined"
        },
        {
          "expected": "string",
          "code": "invalid_type",
          "path": [
            "category"
          ],
          "message": "Invalid input: expected string, received undefined"
        },
        {
          "code": "invalid_value",
          "values": [
            "NEW",
            "USED",
            "FAIR"
          ],
          "path": [
            "condition"
          ],
          "message": "Invalid option: expected one of \"NEW\"|\"USED\"|\"FAIR\""
        }
      ]

      4 |     },
      5 |     error: (message: string, error?: any) => {
    > 6 |         console.error(`[ERROR] [${new Date().toISOString()}] ${message}`, error?.message || error || '');
        |                 ^
      7 |         if (error?.stack) console.error(error.stack);
      8 |     },
      9 |     warn: (message: string, context?: any) => {

      at Object.error (src/utils/logger.ts:6:17)
      at handleControllerError (src/controllers/listingController.ts:9:12)
      at createListing (src/controllers/listingController.ts:50:16)
      at Layer.handleRequest (node_modules/router/lib/layer.js:152:17)
      at next (node_modules/router/lib/route.js:157:13)
      at multerMiddleware (node_modules/multer/lib/make-middleware.js:19:41)
      at Layer.handleRequest (node_modules/router/lib/layer.js:152:17)
      at next (node_modules/router/lib/route.js:157:13)
      at protect (src/routes/listingRoutes.ts:29:9)
      at Layer.handleRequest (node_modules/router/lib/layer.js:152:17)
      at next (node_modules/router/lib/route.js:157:13)
      at Route.dispatch (node_modules/router/lib/route.js:117:3)
      at handle (node_modules/router/index.js:435:11)
      at Layer.handleRequest (node_modules/router/lib/layer.js:152:17)
      at node_modules/router/index.js:295:15
      at processParams (node_modules/router/index.js:582:12)
      at next (node_modules/router/index.js:291:5)
      at Function.handle (node_modules/router/index.js:186:3)
      at router (node_modules/router/index.js:60:12)
      at Layer.handleRequest (node_modules/router/lib/layer.js:152:17)
      at trimPrefix (node_modules/router/index.js:342:13)
      at node_modules/router/index.js:297:9
      at processParams (node_modules/router/index.js:582:12)
      at next (node_modules/router/index.js:291:5)
      at node_modules/body-parser/lib/read.js:172:5
      at invokeCallback (node_modules/raw-body/index.js:238:16)
      at done (node_modules/raw-body/index.js:227:7)
      at IncomingMessage.onEnd (node_modules/raw-body/index.js:287:7)

    console.error
      ZodError: [
        {
          "origin": "string",
          "code": "too_small",
          "minimum": 3,
          "inclusive": true,
          "path": [
            "title"
          ],
          "message": "Too small: expected string to have >=3 characters"
        },
        {
          "expected": "string",
          "code": "invalid_type",
          "path": [
            "description"
          ],
          "message": "Invalid input: expected string, received undefined"
        },
        {
          "expected": "string",
          "code": "invalid_type",
          "path": [
            "price"
          ],
          "message": "Invalid input: expected string, received undefined"
        },
        {
          "expected": "string",
          "code": "invalid_type",
          "path": [
            "category"
          ],
          "message": "Invalid input: expected string, received undefined"
        },
        {
          "code": "invalid_value",
          "values": [
            "NEW",
            "USED",
            "FAIR"
          ],
          "path": [
            "condition"
          ],
          "message": "Invalid option: expected one of \"NEW\"|\"USED\"|\"FAIR\""
        }
      ]
          at createListing (/home/bytesage/campus-swap/backend/src/controllers/listingController.ts:21:51)
          at Layer.handleRequest (/home/bytesage/campus-swap/backend/node_modules/router/lib/layer.js:152:17)
          at next (/home/bytesage/campus-swap/backend/node_modules/router/lib/route.js:157:13)
          at multerMiddleware (/home/bytesage/campus-swap/backend/node_modules/multer/lib/make-middleware.js:19:41)
          at Layer.handleRequest (/home/bytesage/campus-swap/backend/node_modules/router/lib/layer.js:152:17)
          at next (/home/bytesage/campus-swap/backend/node_modules/router/lib/route.js:157:13)
          at protect (/home/bytesage/campus-swap/backend/src/routes/listingRoutes.ts:29:9)
          at Layer.handleRequest (/home/bytesage/campus-swap/backend/node_modules/router/lib/layer.js:152:17)
          at next (/home/bytesage/campus-swap/backend/node_modules/router/lib/route.js:157:13)
          at Route.dispatch (/home/bytesage/campus-swap/backend/node_modules/router/lib/route.js:117:3)
          at handle (/home/bytesage/campus-swap/backend/node_modules/router/index.js:435:11)
          at Layer.handleRequest (/home/bytesage/campus-swap/backend/node_modules/router/lib/layer.js:152:17)
          at /home/bytesage/campus-swap/backend/node_modules/router/index.js:295:15
          at processParams (/home/bytesage/campus-swap/backend/node_modules/router/index.js:582:12)
          at next (/home/bytesage/campus-swap/backend/node_modules/router/index.js:291:5)
          at Function.handle (/home/bytesage/campus-swap/backend/node_modules/router/index.js:186:3)
          at router (/home/bytesage/campus-swap/backend/node_modules/router/index.js:60:12)
          at Layer.handleRequest (/home/bytesage/campus-swap/backend/node_modules/router/lib/layer.js:152:17)
          at trimPrefix (/home/bytesage/campus-swap/backend/node_modules/router/index.js:342:13)
          at /home/bytesage/campus-swap/backend/node_modules/router/index.js:297:9
          at processParams (/home/bytesage/campus-swap/backend/node_modules/router/index.js:582:12)
          at next (/home/bytesage/campus-swap/backend/node_modules/router/index.js:291:5)
          at /home/bytesage/campus-swap/backend/node_modules/body-parser/lib/read.js:172:5
          at AsyncResource.runInAsyncScope (node:async_hooks:214:14)
          at invokeCallback (/home/bytesage/campus-swap/backend/node_modules/raw-body/index.js:238:16)
          at done (/home/bytesage/campus-swap/backend/node_modules/raw-body/index.js:227:7)
          at IncomingMessage.onEnd (/home/bytesage/campus-swap/backend/node_modules/raw-body/index.js:287:7)
          at IncomingMessage.emit (node:events:519:28)
          at endReadableNT (node:internal/streams/readable:1698:12)
          at processTicksAndRejections (node:internal/process/task_queues:90:21)

       5 |     error: (message: string, error?: any) => {
       6 |         console.error(`[ERROR] [${new Date().toISOString()}] ${message}`, error?.message || error || '');
    >  7 |         if (error?.stack) console.error(error.stack);
         |                                   ^
       8 |     },
       9 |     warn: (message: string, context?: any) => {
      10 |         console.warn(`[WARN] [${new Date().toISOString()}] ${message}`, context ? JSON.stringify(context, null, 2) : '');

      at Object.error (src/utils/logger.ts:7:35)
      at handleControllerError (src/controllers/listingController.ts:9:12)
      at createListing (src/controllers/listingController.ts:50:16)
      at Layer.handleRequest (node_modules/router/lib/layer.js:152:17)
      at next (node_modules/router/lib/route.js:157:13)
      at multerMiddleware (node_modules/multer/lib/make-middleware.js:19:41)
      at Layer.handleRequest (node_modules/router/lib/layer.js:152:17)
      at next (node_modules/router/lib/route.js:157:13)
      at protect (src/routes/listingRoutes.ts:29:9)
      at Layer.handleRequest (node_modules/router/lib/layer.js:152:17)
      at next (node_modules/router/lib/route.js:157:13)
      at Route.dispatch (node_modules/router/lib/route.js:117:3)
      at handle (node_modules/router/index.js:435:11)
      at Layer.handleRequest (node_modules/router/lib/layer.js:152:17)
      at node_modules/router/index.js:295:15
      at processParams (node_modules/router/index.js:582:12)
      at next (node_modules/router/index.js:291:5)
      at Function.handle (node_modules/router/index.js:186:3)
      at router (node_modules/router/index.js:60:12)
      at Layer.handleRequest (node_modules/router/lib/layer.js:152:17)
      at trimPrefix (node_modules/router/index.js:342:13)
      at node_modules/router/index.js:297:9
      at processParams (node_modules/router/index.js:582:12)
      at next (node_modules/router/index.js:291:5)
      at node_modules/body-parser/lib/read.js:172:5
      at invokeCallback (node_modules/raw-body/index.js:238:16)
      at done (node_modules/raw-body/index.js:227:7)
      at IncomingMessage.onEnd (node_modules/raw-body/index.js:287:7)

    console.log
      [INFO] [2026-01-02T15:25:24.920Z] Listing Updated Successfully {
        "listingId": "cbe9c44d-b796-4fbc-8b73-8e038791f6f4"
      }

      at Object.info (src/utils/logger.ts:3:17)

    console.warn
      [WARN] [2026-01-02T15:25:24.945Z] Unauthorized update attempt {
        "listingId": "cbe9c44d-b796-4fbc-8b73-8e038791f6f4",
        "userId": "other-id"
      }

       8 |     },
       9 |     warn: (message: string, context?: any) => {
    > 10 |         console.warn(`[WARN] [${new Date().toISOString()}] ${message}`, context ? JSON.stringify(context, null, 2) : '');
         |                 ^
      11 |     }
      12 | };
      13 |

      at Object.warn (src/utils/logger.ts:10:17)
      at updateListing (src/controllers/listingController.ts:101:20)

    console.log
      [INFO] [2026-01-02T15:25:24.997Z] Listing Deleted Successfully {
        "listingId": "cbe9c44d-b796-4fbc-8b73-8e038791f6f4"
      }

      at Object.info (src/utils/logger.ts:3:17)

PASS tests/saved_items.test.ts
  â— Console

    console.log
      [dotenv@17.2.3] injecting env (6) from .env -- tip: âš™ï¸  override existing env vars with { override: true }

      at _log (node_modules/dotenv/lib/main.js:142:11)

    console.log
      [dotenv@17.2.3] injecting env (0) from .env -- tip: ðŸ”‘ add access controls to secrets: https://dotenvx.com/ops

      at _log (node_modules/dotenv/lib/main.js:142:11)

    console.log
      [dotenv@17.2.3] injecting env (0) from .env -- tip: ðŸ” encrypt with Dotenvx: https://dotenvx.com

      at _log (node_modules/dotenv/lib/main.js:142:11)

    console.log
      [INFO] [2026-01-02T15:25:25.944Z] Listing Saved {
        "userId": "6bd6ece4-584c-412d-bd0d-bbe37ecd8cd8",
        "listingId": "57515eb9-8b2d-4188-96e5-3c75015ae531"
      }

      at Object.info (src/utils/logger.ts:3:17)

    console.log
      [INFO] [2026-01-02T15:25:26.021Z] Listing Unsaved {
        "userId": "6bd6ece4-584c-412d-bd0d-bbe37ecd8cd8",
        "listingId": "57515eb9-8b2d-4188-96e5-3c75015ae531"
      }

      at Object.info (src/utils/logger.ts:3:17)

PASS tests/notifications.test.ts
  â— Console

    console.log
      [dotenv@17.2.3] injecting env (6) from .env -- tip: âš™ï¸  load multiple .env files with { path: ['.env.local', '.env'] }

      at _log (node_modules/dotenv/lib/main.js:142:11)

    console.log
      [dotenv@17.2.3] injecting env (0) from .env -- tip: ðŸ—‚ï¸ backup and recover secrets: https://dotenvx.com/ops

      at _log (node_modules/dotenv/lib/main.js:142:11)

    console.log
      [dotenv@17.2.3] injecting env (0) from .env -- tip: ðŸ” prevent committing .env to code: https://dotenvx.com/precommit

      at _log (node_modules/dotenv/lib/main.js:142:11)

PASS tests/verification.test.ts
  â— Console

    console.log
      [dotenv@17.2.3] injecting env (6) from .env -- tip: ðŸ—‚ï¸ backup and recover secrets: https://dotenvx.com/ops

      at _log (node_modules/dotenv/lib/main.js:142:11)

    console.log
      [dotenv@17.2.3] injecting env (0) from .env -- tip: âš™ï¸  load multiple .env files with { path: ['.env.local', '.env'] }

      at _log (node_modules/dotenv/lib/main.js:142:11)

    console.log
      [dotenv@17.2.3] injecting env (0) from .env -- tip: âš™ï¸  suppress all logs with { quiet: true }

      at _log (node_modules/dotenv/lib/main.js:142:11)

    console.log
      [INFO] [2026-01-02T15:25:28.003Z] ID Documents Uploaded {
        "userId": "8c1695d7-1c93-4472-b867-6218c8d93e05",
        "verificationId": "cc6c034a-ee0d-42c1-a102-6d8a48359dff"
      }

      at Object.info (src/utils/logger.ts:3:17)

FAIL tests/review.test.ts
  â— Console

    console.log
      [dotenv@17.2.3] injecting env (6) from .env -- tip: âš™ï¸  enable debug logging with { debug: true }

      at _log (node_modules/dotenv/lib/main.js:142:11)

    console.log
      [dotenv@17.2.3] injecting env (0) from .env -- tip: âš™ï¸  specify custom .env file path with { path: '/custom/path/.env' }

      at _log (node_modules/dotenv/lib/main.js:142:11)

    console.log
      [dotenv@17.2.3] injecting env (0) from .env -- tip: âš™ï¸  suppress all logs with { quiet: true }

      at _log (node_modules/dotenv/lib/main.js:142:11)

  â— Review & Reputation Endpoints â€º POST /api/transactions/:id/review â€º should submit a review for a transaction

    PrismaClientKnownRequestError: 
    Invalid `prisma.user.deleteMany()` invocation in
    /home/bytesage/campus-swap/backend/tests/review.test.ts:21:27

      18 await prisma.transaction.deleteMany();
      19 await prisma.listing.deleteMany();
      20 await prisma.wallet.deleteMany();
    â†’ 21 await prisma.user.deleteMany(
    Foreign key constraint violated on the constraint: `Notification_userId_fkey`

      19 |         await prisma.listing.deleteMany();
      20 |         await prisma.wallet.deleteMany();
    > 21 |         await prisma.user.deleteMany();
         |         ^
      22 |
      23 |         const seller = await prisma.user.create({
      24 |             data: {

      at qr.handleRequestError (node_modules/@prisma/client/src/runtime/RequestHandler.ts:228:13)
      at qr.handleAndLogRequestError (node_modules/@prisma/client/src/runtime/RequestHandler.ts:174:12)
      at qr.request (node_modules/@prisma/client/src/runtime/RequestHandler.ts:143:12)
      at a (node_modules/@prisma/client/src/runtime/getPrismaClient.ts:805:24)
      at Object.<anonymous> (tests/review.test.ts:21:9)

  â— Review & Reputation Endpoints â€º POST /api/transactions/:id/review â€º should fail if rating is invalid

    PrismaClientKnownRequestError: 
    Invalid `prisma.user.deleteMany()` invocation in
    /home/bytesage/campus-swap/backend/tests/review.test.ts:21:27

      18 await prisma.transaction.deleteMany();
      19 await prisma.listing.deleteMany();
      20 await prisma.wallet.deleteMany();
    â†’ 21 await prisma.user.deleteMany(
    Foreign key constraint violated on the constraint: `Notification_userId_fkey`

      19 |         await prisma.listing.deleteMany();
      20 |         await prisma.wallet.deleteMany();
    > 21 |         await prisma.user.deleteMany();
         |         ^
      22 |
      23 |         const seller = await prisma.user.create({
      24 |             data: {

      at qr.handleRequestError (node_modules/@prisma/client/src/runtime/RequestHandler.ts:228:13)
      at qr.handleAndLogRequestError (node_modules/@prisma/client/src/runtime/RequestHandler.ts:174:12)
      at qr.request (node_modules/@prisma/client/src/runtime/RequestHandler.ts:143:12)
      at a (node_modules/@prisma/client/src/runtime/getPrismaClient.ts:805:24)
      at Object.<anonymous> (tests/review.test.ts:21:9)

  â— Review & Reputation Endpoints â€º GET /api/users/:id/reviews â€º should get reviews for a user

    PrismaClientKnownRequestError: 
    Invalid `prisma.user.deleteMany()` invocation in
    /home/bytesage/campus-swap/backend/tests/review.test.ts:21:27

      18 await prisma.transaction.deleteMany();
      19 await prisma.listing.deleteMany();
      20 await prisma.wallet.deleteMany();
    â†’ 21 await prisma.user.deleteMany(
    Foreign key constraint violated on the constraint: `Notification_userId_fkey`

      19 |         await prisma.listing.deleteMany();
      20 |         await prisma.wallet.deleteMany();
    > 21 |         await prisma.user.deleteMany();
         |         ^
      22 |
      23 |         const seller = await prisma.user.create({
      24 |             data: {

      at qr.handleRequestError (node_modules/@prisma/client/src/runtime/RequestHandler.ts:228:13)
      at qr.handleAndLogRequestError (node_modules/@prisma/client/src/runtime/RequestHandler.ts:174:12)
      at qr.request (node_modules/@prisma/client/src/runtime/RequestHandler.ts:143:12)
      at a (node_modules/@prisma/client/src/runtime/getPrismaClient.ts:805:24)
      at Object.<anonymous> (tests/review.test.ts:21:9)

  â— Review & Reputation Endpoints â€º GET /api/users/:id/rating-summary â€º should get rating summary for a user

    PrismaClientKnownRequestError: 
    Invalid `prisma.user.deleteMany()` invocation in
    /home/bytesage/campus-swap/backend/tests/review.test.ts:21:27

      18 await prisma.transaction.deleteMany();
      19 await prisma.listing.deleteMany();
      20 await prisma.wallet.deleteMany();
    â†’ 21 await prisma.user.deleteMany(
    Foreign key constraint violated on the constraint: `Notification_userId_fkey`

      19 |         await prisma.listing.deleteMany();
      20 |         await prisma.wallet.deleteMany();
    > 21 |         await prisma.user.deleteMany();
         |         ^
      22 |
      23 |         const seller = await prisma.user.create({
      24 |             data: {

      at qr.handleRequestError (node_modules/@prisma/client/src/runtime/RequestHandler.ts:228:13)
      at qr.handleAndLogRequestError (node_modules/@prisma/client/src/runtime/RequestHandler.ts:174:12)
      at qr.request (node_modules/@prisma/client/src/runtime/RequestHandler.ts:143:12)
      at a (node_modules/@prisma/client/src/runtime/getPrismaClient.ts:805:24)
      at Object.<anonymous> (tests/review.test.ts:21:9)

Test Suites: 1 failed, 8 passed, 9 total
Tests:       4 failed, 47 passed, 51 total
Snapshots:   0 total
Time:        11.863 s, estimated 16 s
Ran all test suites.
